2023-06-02 14:59:06,891 django.server INFO     "GET / HTTP/1.1" 200 11897
2023-06-02 14:59:06,891 django.server INFO     "GET / HTTP/1.1" 200 11897
2023-06-02 14:59:15,014 django.request ERROR    Internal Server Error: /search
Traceback (most recent call last):
  File "/media/shashwat/2E9AD3589AD31AE3/MiniProject/venv/lib/python3.10/site-packages/django/utils/datastructures.py", line 84, in __getitem__
    list_ = super().__getitem__(key)
KeyError: 'q'

During handling of the above exception, another exception occurred:

Traceback (most recent call last):
  File "/media/shashwat/2E9AD3589AD31AE3/MiniProject/venv/lib/python3.10/site-packages/django/core/handlers/exception.py", line 56, in inner
    response = get_response(request)
  File "/media/shashwat/2E9AD3589AD31AE3/MiniProject/venv/lib/python3.10/site-packages/django/core/handlers/base.py", line 197, in _get_response
    response = wrapped_callback(request, *callback_args, **callback_kwargs)
  File "/media/shashwat/2E9AD3589AD31AE3/MiniProject/FindYourStay/views.py", line 585, in search
    query = (request.GET['q']).split(', ')  # getting the user input from the request query
  File "/media/shashwat/2E9AD3589AD31AE3/MiniProject/venv/lib/python3.10/site-packages/django/utils/datastructures.py", line 86, in __getitem__
    raise MultiValueDictKeyError(key)
django.utils.datastructures.MultiValueDictKeyError: 'q'
2023-06-02 14:59:15,014 django.request ERROR    Internal Server Error: /search
Traceback (most recent call last):
  File "/media/shashwat/2E9AD3589AD31AE3/MiniProject/venv/lib/python3.10/site-packages/django/utils/datastructures.py", line 84, in __getitem__
    list_ = super().__getitem__(key)
KeyError: 'q'

During handling of the above exception, another exception occurred:

Traceback (most recent call last):
  File "/media/shashwat/2E9AD3589AD31AE3/MiniProject/venv/lib/python3.10/site-packages/django/core/handlers/exception.py", line 56, in inner
    response = get_response(request)
  File "/media/shashwat/2E9AD3589AD31AE3/MiniProject/venv/lib/python3.10/site-packages/django/core/handlers/base.py", line 197, in _get_response
    response = wrapped_callback(request, *callback_args, **callback_kwargs)
  File "/media/shashwat/2E9AD3589AD31AE3/MiniProject/FindYourStay/views.py", line 585, in search
    query = (request.GET['q']).split(', ')  # getting the user input from the request query
  File "/media/shashwat/2E9AD3589AD31AE3/MiniProject/venv/lib/python3.10/site-packages/django/utils/datastructures.py", line 86, in __getitem__
    raise MultiValueDictKeyError(key)
django.utils.datastructures.MultiValueDictKeyError: 'q'
2023-06-02 14:59:32,320 django.server INFO     "GET /search?q=Mumbai%2C+Maharashtra HTTP/1.1" 200 18703
2023-06-02 14:59:32,320 django.server INFO     "GET /search?q=Mumbai%2C+Maharashtra HTTP/1.1" 200 18703
2023-06-02 14:59:56,286 django.server INFO     "GET /search?q=Mumbai%2C+Maharashtra&sort_by=3 HTTP/1.1" 200 18311
2023-06-02 14:59:56,286 django.server INFO     "GET /search?q=Mumbai%2C+Maharashtra&sort_by=3 HTTP/1.1" 200 18311
2023-06-02 15:00:09,370 django.server INFO     "GET /search?q=Mumbai%2C+Maharashtra&sort_by=2 HTTP/1.1" 200 18647
2023-06-02 15:00:09,370 django.server INFO     "GET /search?q=Mumbai%2C+Maharashtra&sort_by=2 HTTP/1.1" 200 18647
2023-06-02 15:00:12,869 django.server INFO     "GET /search?q=Mumbai%2C+Maharashtra&sort_by=1 HTTP/1.1" 200 18628
2023-06-02 15:00:12,869 django.server INFO     "GET /search?q=Mumbai%2C+Maharashtra&sort_by=1 HTTP/1.1" 200 18628
2023-06-02 15:00:16,272 django.server INFO     "GET /search?q=Mumbai%2C+Maharashtra&sort_by=4 HTTP/1.1" 200 18753
2023-06-02 15:00:16,272 django.server INFO     "GET /search?q=Mumbai%2C+Maharashtra&sort_by=4 HTTP/1.1" 200 18753
2023-06-02 15:01:23,571 django.utils.autoreload INFO     /media/shashwat/2E9AD3589AD31AE3/MiniProject/FindYourStay/views.py changed, reloading.
2023-06-02 15:01:23,571 django.utils.autoreload INFO     /media/shashwat/2E9AD3589AD31AE3/MiniProject/FindYourStay/views.py changed, reloading.
2023-06-02 15:01:24,420 django.utils.autoreload INFO     Watching for file changes with StatReloader
2023-06-02 15:01:24,420 django.utils.autoreload INFO     Watching for file changes with StatReloader
2023-06-02 15:20:19,005 django.server INFO     "GET /search?q=Mumbai%2C+Maharashtra&sort_by=4 HTTP/1.1" 200 19663
2023-06-02 15:20:19,005 django.server INFO     "GET /search?q=Mumbai%2C+Maharashtra&sort_by=4 HTTP/1.1" 200 19663
2023-06-02 15:21:18,969 django.utils.autoreload INFO     Watching for file changes with StatReloader
2023-06-02 15:21:18,969 django.utils.autoreload INFO     Watching for file changes with StatReloader
2023-06-02 15:22:14,785 django.utils.autoreload INFO     Watching for file changes with StatReloader
2023-06-02 15:22:14,785 django.utils.autoreload INFO     Watching for file changes with StatReloader
2023-06-02 15:22:20,982 django.server INFO     "GET / HTTP/1.1" 200 11897
2023-06-02 15:22:20,982 django.server INFO     "GET / HTTP/1.1" 200 11897
2023-06-02 15:22:21,050 django.server INFO     "GET /static/css/global.css HTTP/1.1" 200 1236
2023-06-02 15:22:21,050 django.server INFO     "GET /static/css/global.css HTTP/1.1" 200 1236
2023-06-02 15:22:21,052 django.server INFO     "GET /static/css/index.css HTTP/1.1" 200 13319
2023-06-02 15:22:21,052 django.server INFO     "GET /static/css/index.css HTTP/1.1" 200 13319
2023-06-02 15:22:21,077 django.server INFO     "GET /static/image/locvector.svg HTTP/1.1" 200 1015
2023-06-02 15:22:21,077 django.server INFO     "GET /static/image/locvector.svg HTTP/1.1" 200 1015
2023-06-02 15:22:21,078 django.server INFO     "GET /static/image/vector1.svg HTTP/1.1" 200 4526
2023-06-02 15:22:21,078 django.server INFO     "GET /static/image/vector1.svg HTTP/1.1" 200 4526
2023-06-02 15:22:21,080 django.server INFO     "GET /static/image/vector2.svg HTTP/1.1" 200 649
2023-06-02 15:22:21,080 django.server INFO     "GET /static/image/vector2.svg HTTP/1.1" 200 649
2023-06-02 15:22:21,080 django.server INFO     "GET /static/image/vector.svg HTTP/1.1" 200 704
2023-06-02 15:22:21,080 django.server INFO     "GET /static/image/vector.svg HTTP/1.1" 200 704
2023-06-02 15:22:21,082 django.server INFO     "GET /static/image/arrow.svg HTTP/1.1" 200 918
2023-06-02 15:22:21,082 django.server INFO     "GET /static/image/arrow.svg HTTP/1.1" 200 918
2023-06-02 15:22:21,082 django.server INFO     "GET /static/image/girlsvg.svg HTTP/1.1" 200 24180
2023-06-02 15:22:21,082 django.server INFO     "GET /static/image/girlsvg.svg HTTP/1.1" 200 24180
2023-06-02 15:22:21,093 django.server INFO     "GET /static/image/line-11.svg HTTP/1.1" 200 199
2023-06-02 15:22:21,093 django.server INFO     "GET /static/image/line-11.svg HTTP/1.1" 200 199
2023-06-02 15:22:21,098 django.server INFO     "GET /static/image/freepikhouseinject104.svg HTTP/1.1" 200 329368
2023-06-02 15:22:21,098 django.server INFO     "GET /static/image/freepikhouseinject104.svg HTTP/1.1" 200 329368
2023-06-02 15:22:21,098 django.server INFO     "GET /static/image/icons8star100-1%402x.png HTTP/1.1" 200 1108
2023-06-02 15:22:21,098 django.server INFO     "GET /static/image/icons8star100-1%402x.png HTTP/1.1" 200 1108
2023-06-02 15:22:21,100 django.server INFO     "GET /static/image/rectangle-25%402x.png HTTP/1.1" 200 787086
2023-06-02 15:22:21,100 django.server INFO     "GET /static/image/rectangle-25%402x.png HTTP/1.1" 200 787086
2023-06-02 15:22:21,134 django.server INFO     "GET /static/image/rectangle-251%402x.png HTTP/1.1" 200 894255
2023-06-02 15:22:21,134 django.server INFO     "GET /static/image/rectangle-251%402x.png HTTP/1.1" 200 894255
2023-06-02 15:22:21,137 django.server INFO     "GET /static/image/rectangle-252%402x.png HTTP/1.1" 200 790221
2023-06-02 15:22:21,137 django.server INFO     "GET /static/image/rectangle-252%402x.png HTTP/1.1" 200 790221
2023-06-02 15:22:21,149 django.server INFO     "GET /static/image/icons8star100-11%402x.png HTTP/1.1" 200 1730
2023-06-02 15:22:21,149 django.server INFO     "GET /static/image/icons8star100-11%402x.png HTTP/1.1" 200 1730
2023-06-02 15:22:21,152 django.server INFO     "GET /static/image/search-1%402x.png HTTP/1.1" 200 3499
2023-06-02 15:22:21,152 django.server INFO     "GET /static/image/search-1%402x.png HTTP/1.1" 200 3499
2023-06-02 15:22:21,155 django.server INFO     "GET /static/image/hikingsvg.svg HTTP/1.1" 200 123546
2023-06-02 15:22:21,155 django.server INFO     "GET /static/image/hikingsvg.svg HTTP/1.1" 200 123546
2023-06-02 15:22:21,158 django.server INFO     "GET /static/image/line-2.svg HTTP/1.1" 200 197
2023-06-02 15:22:21,158 django.server INFO     "GET /static/image/line-2.svg HTTP/1.1" 200 197
2023-06-02 15:22:21,158 django.server INFO     "GET /static/image/freepikhouseinject1041.svg HTTP/1.1" 200 328758
2023-06-02 15:22:21,158 django.server INFO     "GET /static/image/freepikhouseinject1041.svg HTTP/1.1" 200 328758
2023-06-02 15:22:21,163 django.server INFO     "GET /static/image/line-3.svg HTTP/1.1" 200 197
2023-06-02 15:22:21,163 django.server INFO     "GET /static/image/line-3.svg HTTP/1.1" 200 197
2023-06-02 15:22:21,362 django.request WARNING  Not Found: /favicon.ico
2023-06-02 15:22:21,362 django.request WARNING  Not Found: /favicon.ico
2023-06-02 15:22:21,363 django.server WARNING  "GET /favicon.ico HTTP/1.1" 404 2616
2023-06-02 15:22:21,363 django.server WARNING  "GET /favicon.ico HTTP/1.1" 404 2616
2023-06-02 15:22:46,272 django.server INFO     "GET /search?q=Dehradun%2C+Uttarakhand HTTP/1.1" 200 18585
2023-06-02 15:22:46,272 django.server INFO     "GET /search?q=Dehradun%2C+Uttarakhand HTTP/1.1" 200 18585
2023-06-02 15:22:46,350 django.server INFO     "GET /static/css/search.css HTTP/1.1" 200 18806
2023-06-02 15:22:46,350 django.server INFO     "GET /static/css/search.css HTTP/1.1" 200 18806
2023-06-02 15:22:46,373 django.server INFO     "GET /static/image/freepikhouseinject1042.svg HTTP/1.1" 200 329227
2023-06-02 15:22:46,373 django.server INFO     "GET /static/image/freepikhouseinject1042.svg HTTP/1.1" 200 329227
2023-06-02 15:22:46,388 django.server INFO     "GET /static/image/bg-svg.svg HTTP/1.1" 200 95408
2023-06-02 15:22:46,388 django.server INFO     "GET /static/image/bg-svg.svg HTTP/1.1" 200 95408
2023-06-02 15:22:46,394 django.server INFO     "GET /static/image/line-12.svg HTTP/1.1" 200 211
2023-06-02 15:22:46,394 django.server INFO     "GET /static/image/line-12.svg HTTP/1.1" 200 211
2023-06-02 15:22:46,394 django.server INFO     "GET /static/image/icons8-circle-96.png HTTP/1.1" 200 2257
2023-06-02 15:22:46,394 django.server INFO     "GET /static/image/icons8-circle-96.png HTTP/1.1" 200 2257
2023-06-02 15:22:46,396 django.server INFO     "GET /static/image/search-2%402x.png HTTP/1.1" 200 4325
2023-06-02 15:22:46,396 django.server INFO     "GET /static/image/search-2%402x.png HTTP/1.1" 200 4325
2023-06-02 15:22:58,868 django.server INFO     "GET / HTTP/1.1" 200 11897
2023-06-02 15:22:58,868 django.server INFO     "GET / HTTP/1.1" 200 11897
2023-06-02 15:22:58,908 django.server INFO     "GET /static/css/global.css HTTP/1.1" 200 1236
2023-06-02 15:22:58,908 django.server INFO     "GET /static/css/global.css HTTP/1.1" 200 1236
2023-06-02 15:22:58,910 django.server INFO     "GET /static/css/index.css HTTP/1.1" 200 13319
2023-06-02 15:22:58,910 django.server INFO     "GET /static/css/index.css HTTP/1.1" 200 13319
2023-06-02 15:22:58,922 django.server INFO     "GET /static/image/locvector.svg HTTP/1.1" 200 1015
2023-06-02 15:22:58,922 django.server INFO     "GET /static/image/locvector.svg HTTP/1.1" 200 1015
2023-06-02 15:22:58,922 django.server INFO     "GET /static/image/vector2.svg HTTP/1.1" 200 649
2023-06-02 15:22:58,922 django.server INFO     "GET /static/image/vector2.svg HTTP/1.1" 200 649
2023-06-02 15:22:58,922 django.server INFO     "GET /static/image/vector1.svg HTTP/1.1" 200 4526
2023-06-02 15:22:58,922 django.server INFO     "GET /static/image/vector1.svg HTTP/1.1" 200 4526
2023-06-02 15:22:58,922 django.server INFO     "GET /static/image/vector.svg HTTP/1.1" 200 704
2023-06-02 15:22:58,922 django.server INFO     "GET /static/image/vector.svg HTTP/1.1" 200 704
2023-06-02 15:22:58,925 django.server INFO     "GET /static/image/girlsvg.svg HTTP/1.1" 200 24180
2023-06-02 15:22:58,925 django.server INFO     "GET /static/image/girlsvg.svg HTTP/1.1" 200 24180
2023-06-02 15:22:58,936 django.server INFO     "GET /static/image/arrow.svg HTTP/1.1" 200 918
2023-06-02 15:22:58,937 django.server INFO     "GET /static/image/line-11.svg HTTP/1.1" 200 199
2023-06-02 15:22:58,937 django.server INFO     "GET /static/image/line-11.svg HTTP/1.1" 200 199
2023-06-02 15:22:58,936 django.server INFO     "GET /static/image/arrow.svg HTTP/1.1" 200 918
2023-06-02 15:22:58,942 django.server INFO     "GET /static/image/freepikhouseinject104.svg HTTP/1.1" 200 329368
2023-06-02 15:22:58,942 django.server INFO     "GET /static/image/freepikhouseinject104.svg HTTP/1.1" 200 329368
2023-06-02 15:22:58,942 django.server INFO     "GET /static/image/rectangle-25%402x.png HTTP/1.1" 200 787086
2023-06-02 15:22:58,942 django.server INFO     "GET /static/image/rectangle-25%402x.png HTTP/1.1" 200 787086
2023-06-02 15:22:58,954 django.server INFO     "GET /static/image/icons8star100-1%402x.png HTTP/1.1" 200 1108
2023-06-02 15:22:58,954 django.server INFO     "GET /static/image/icons8star100-1%402x.png HTTP/1.1" 200 1108
2023-06-02 15:22:58,978 django.server INFO     "GET /static/image/rectangle-251%402x.png HTTP/1.1" 200 894255
2023-06-02 15:22:58,978 django.server INFO     "GET /static/image/rectangle-251%402x.png HTTP/1.1" 200 894255
2023-06-02 15:22:58,986 django.server INFO     "GET /static/image/icons8star100-11%402x.png HTTP/1.1" 200 1730
2023-06-02 15:22:58,986 django.server INFO     "GET /static/image/icons8star100-11%402x.png HTTP/1.1" 200 1730
2023-06-02 15:22:58,987 django.server INFO     "GET /static/image/hikingsvg.svg HTTP/1.1" 200 123546
2023-06-02 15:22:58,987 django.server INFO     "GET /static/image/hikingsvg.svg HTTP/1.1" 200 123546
2023-06-02 15:22:58,989 django.server INFO     "GET /static/image/rectangle-252%402x.png HTTP/1.1" 200 790221
2023-06-02 15:22:58,989 django.server INFO     "GET /static/image/rectangle-252%402x.png HTTP/1.1" 200 790221
2023-06-02 15:22:58,992 django.server INFO     "GET /static/image/search-1%402x.png HTTP/1.1" 200 3499
2023-06-02 15:22:58,992 django.server INFO     "GET /static/image/search-1%402x.png HTTP/1.1" 200 3499
2023-06-02 15:22:58,996 django.server INFO     "GET /static/image/freepikhouseinject1041.svg HTTP/1.1" 200 328758
2023-06-02 15:22:58,996 django.server INFO     "GET /static/image/freepikhouseinject1041.svg HTTP/1.1" 200 328758
2023-06-02 15:22:59,003 django.server INFO     "GET /static/image/line-2.svg HTTP/1.1" 200 197
2023-06-02 15:22:59,003 django.server INFO     "GET /static/image/line-2.svg HTTP/1.1" 200 197
2023-06-02 15:22:59,004 django.server INFO     "GET /static/image/line-3.svg HTTP/1.1" 200 197
2023-06-02 15:22:59,004 django.server INFO     "GET /static/image/line-3.svg HTTP/1.1" 200 197
2023-06-02 15:22:59,207 django.request WARNING  Not Found: /favicon.ico
2023-06-02 15:22:59,207 django.request WARNING  Not Found: /favicon.ico
2023-06-02 15:22:59,208 django.server WARNING  "GET /favicon.ico HTTP/1.1" 404 2616
2023-06-02 15:22:59,208 django.server WARNING  "GET /favicon.ico HTTP/1.1" 404 2616
2023-06-02 15:23:43,996 django.server INFO     "GET /search?q=Jaipur%2C+Rajasthan HTTP/1.1" 200 18362
2023-06-02 15:23:43,996 django.server INFO     "GET /search?q=Jaipur%2C+Rajasthan HTTP/1.1" 200 18362
2023-06-02 15:23:44,033 django.server INFO     "GET /static/css/search.css HTTP/1.1" 200 18806
2023-06-02 15:23:44,033 django.server INFO     "GET /static/css/search.css HTTP/1.1" 200 18806
2023-06-02 15:23:44,061 django.server INFO     "GET /static/image/freepikhouseinject1042.svg HTTP/1.1" 200 329227
2023-06-02 15:23:44,061 django.server INFO     "GET /static/image/freepikhouseinject1042.svg HTTP/1.1" 200 329227
2023-06-02 15:23:44,067 django.server INFO     "GET /static/image/line-12.svg HTTP/1.1" 200 211
2023-06-02 15:23:44,067 django.server INFO     "GET /static/image/line-12.svg HTTP/1.1" 200 211
2023-06-02 15:23:44,068 django.server INFO     "GET /static/image/icons8-circle-96.png HTTP/1.1" 200 2257
2023-06-02 15:23:44,068 django.server INFO     "GET /static/image/icons8-circle-96.png HTTP/1.1" 200 2257
2023-06-02 15:23:44,069 django.server INFO     "GET /static/image/search-2%402x.png HTTP/1.1" 200 4325
2023-06-02 15:23:44,069 django.server INFO     "GET /static/image/search-2%402x.png HTTP/1.1" 200 4325
2023-06-02 15:23:44,069 django.server INFO     "GET /static/image/bg-svg.svg HTTP/1.1" 200 95408
2023-06-02 15:23:44,069 django.server INFO     "GET /static/image/bg-svg.svg HTTP/1.1" 200 95408
2023-06-03 00:32:09,777 django.utils.autoreload INFO     Watching for file changes with StatReloader
2023-06-03 00:32:09,777 django.utils.autoreload INFO     Watching for file changes with StatReloader
2023-06-03 00:32:32,473 django.server INFO     "GET / HTTP/1.1" 200 11897
2023-06-03 00:32:32,473 django.server INFO     "GET / HTTP/1.1" 200 11897
2023-06-03 00:33:25,152 django.request ERROR    Internal Server Error: /search
Traceback (most recent call last):
  File "/media/shashwat/2E9AD3589AD31AE3/MiniProject/venv/lib/python3.10/site-packages/django/core/handlers/exception.py", line 56, in inner
    response = get_response(request)
  File "/media/shashwat/2E9AD3589AD31AE3/MiniProject/venv/lib/python3.10/site-packages/django/core/handlers/base.py", line 197, in _get_response
    response = wrapped_callback(request, *callback_args, **callback_kwargs)
  File "/media/shashwat/2E9AD3589AD31AE3/MiniProject/FindYourStay/views.py", line 600, in search
    scrapper(query[0], query[1])
  File "/media/shashwat/2E9AD3589AD31AE3/MiniProject/FindYourStay/views.py", line 353, in scrapper
    oyo_scrapper(city, state)
  File "/media/shashwat/2E9AD3589AD31AE3/MiniProject/FindYourStay/views.py", line 135, in oyo_scrapper
    geocoding = forward_geocoding(city, state)
  File "/media/shashwat/2E9AD3589AD31AE3/MiniProject/FindYourStay/views.py", line 82, in forward_geocoding
    result = [response[0]['lon'], response[0]['lat']]
KeyError: 0
2023-06-03 00:33:25,152 django.request ERROR    Internal Server Error: /search
Traceback (most recent call last):
  File "/media/shashwat/2E9AD3589AD31AE3/MiniProject/venv/lib/python3.10/site-packages/django/core/handlers/exception.py", line 56, in inner
    response = get_response(request)
  File "/media/shashwat/2E9AD3589AD31AE3/MiniProject/venv/lib/python3.10/site-packages/django/core/handlers/base.py", line 197, in _get_response
    response = wrapped_callback(request, *callback_args, **callback_kwargs)
  File "/media/shashwat/2E9AD3589AD31AE3/MiniProject/FindYourStay/views.py", line 600, in search
    scrapper(query[0], query[1])
  File "/media/shashwat/2E9AD3589AD31AE3/MiniProject/FindYourStay/views.py", line 353, in scrapper
    oyo_scrapper(city, state)
  File "/media/shashwat/2E9AD3589AD31AE3/MiniProject/FindYourStay/views.py", line 135, in oyo_scrapper
    geocoding = forward_geocoding(city, state)
  File "/media/shashwat/2E9AD3589AD31AE3/MiniProject/FindYourStay/views.py", line 82, in forward_geocoding
    result = [response[0]['lon'], response[0]['lat']]
KeyError: 0
2023-06-03 00:33:25,154 django.server ERROR    "GET /search?q=Ahemadabad%2C+Gujarat HTTP/1.1" 500 83169
2023-06-03 00:33:25,154 django.server ERROR    "GET /search?q=Ahemadabad%2C+Gujarat HTTP/1.1" 500 83169
2023-06-03 00:34:30,354 django.server INFO     "GET /search?q=Ahmedabad%2C+Gujarat HTTP/1.1" 200 18504
2023-06-03 00:34:30,354 django.server INFO     "GET /search?q=Ahmedabad%2C+Gujarat HTTP/1.1" 200 18504
2023-06-03 00:36:44,964 django.utils.autoreload INFO     /media/shashwat/2E9AD3589AD31AE3/MiniProject/FindYourStay/views.py changed, reloading.
2023-06-03 00:36:44,964 django.utils.autoreload INFO     /media/shashwat/2E9AD3589AD31AE3/MiniProject/FindYourStay/views.py changed, reloading.
2023-06-03 00:36:45,872 django.utils.autoreload INFO     Watching for file changes with StatReloader
2023-06-03 00:36:45,872 django.utils.autoreload INFO     Watching for file changes with StatReloader
2023-06-03 00:38:31,693 django.utils.autoreload INFO     /media/shashwat/2E9AD3589AD31AE3/MiniProject/FindYourStay/views.py changed, reloading.
2023-06-03 00:38:31,693 django.utils.autoreload INFO     /media/shashwat/2E9AD3589AD31AE3/MiniProject/FindYourStay/views.py changed, reloading.
2023-06-03 00:38:32,538 django.utils.autoreload INFO     Watching for file changes with StatReloader
2023-06-03 00:38:32,538 django.utils.autoreload INFO     Watching for file changes with StatReloader
2023-06-03 00:38:45,425 django.server INFO     "GET /search?q=Ahmedabad%2C+Gujarat HTTP/1.1" 200 18504
2023-06-03 00:38:45,425 django.server INFO     "GET /search?q=Ahmedabad%2C+Gujarat HTTP/1.1" 200 18504
2023-06-03 00:39:23,882 django.server INFO     "GET /search?q=Gandhinagar%2C+Gujarat HTTP/1.1" 200 18565
2023-06-03 00:39:23,882 django.server INFO     "GET /search?q=Gandhinagar%2C+Gujarat HTTP/1.1" 200 18565
2023-06-03 00:41:35,627 django.server INFO     "GET /search?q=Mumbai%2C+Maharashtra HTTP/1.1" 200 18830
2023-06-03 00:41:35,627 django.server INFO     "GET /search?q=Mumbai%2C+Maharashtra HTTP/1.1" 200 18830
2023-06-03 00:50:58,580 django.utils.autoreload INFO     /media/shashwat/2E9AD3589AD31AE3/MiniProject/FindYourStay/views.py changed, reloading.
2023-06-03 00:50:58,580 django.utils.autoreload INFO     /media/shashwat/2E9AD3589AD31AE3/MiniProject/FindYourStay/views.py changed, reloading.
2023-06-03 00:50:59,579 django.utils.autoreload INFO     Watching for file changes with StatReloader
2023-06-03 00:50:59,579 django.utils.autoreload INFO     Watching for file changes with StatReloader
2023-06-03 00:51:07,521 django.utils.autoreload INFO     Watching for file changes with StatReloader
2023-06-03 00:51:07,521 django.utils.autoreload INFO     Watching for file changes with StatReloader
2023-06-03 00:51:19,725 django.server INFO     "GET /search?q=Mumbai%2C+Maharashtra HTTP/1.1" 200 18830
2023-06-03 00:51:19,725 django.server INFO     "GET /search?q=Mumbai%2C+Maharashtra HTTP/1.1" 200 18830
2023-06-03 00:52:01,406 django.server INFO     "GET /search?q=Vadodara%2C+Gujarat HTTP/1.1" 200 18543
2023-06-03 00:52:01,406 django.server INFO     "GET /search?q=Vadodara%2C+Gujarat HTTP/1.1" 200 18543
2023-06-03 17:03:18,538 django.utils.autoreload INFO     Watching for file changes with StatReloader
2023-06-03 17:03:18,538 django.utils.autoreload INFO     Watching for file changes with StatReloader
2023-06-03 17:03:22,132 django.server INFO     "GET / HTTP/1.1" 200 11897
2023-06-03 17:03:22,132 django.server INFO     "GET / HTTP/1.1" 200 11897
2023-06-03 17:03:22,276 django.server INFO     "GET /static/image/hikingsvg.svg HTTP/1.1" 200 123546
2023-06-03 17:03:22,276 django.server INFO     "GET /static/image/hikingsvg.svg HTTP/1.1" 200 123546
2023-06-03 17:03:22,276 django.server INFO     "GET /static/image/rectangle-25%402x.png HTTP/1.1" 200 787086
2023-06-03 17:03:22,276 django.server INFO     "GET /static/image/rectangle-25%402x.png HTTP/1.1" 200 787086
2023-06-03 17:03:22,277 django.server INFO     "GET /static/image/freepikhouseinject104.svg HTTP/1.1" 200 329368
2023-06-03 17:03:22,277 django.server INFO     "GET /static/image/freepikhouseinject104.svg HTTP/1.1" 200 329368
2023-06-03 17:03:22,278 django.server INFO     "GET /static/image/rectangle-252%402x.png HTTP/1.1" 200 790221
2023-06-03 17:03:22,278 django.server INFO     "GET /static/image/rectangle-252%402x.png HTTP/1.1" 200 790221
2023-06-03 17:03:22,277 django.server INFO     "GET /static/image/rectangle-251%402x.png HTTP/1.1" 200 894255
2023-06-03 17:03:22,277 django.server INFO     "GET /static/image/rectangle-251%402x.png HTTP/1.1" 200 894255
2023-06-03 17:03:22,284 django.server INFO     "GET /static/image/freepikhouseinject1041.svg HTTP/1.1" 200 328758
2023-06-03 17:03:22,284 django.server INFO     "GET /static/image/freepikhouseinject1041.svg HTTP/1.1" 200 328758
2023-06-03 17:03:22,867 django.request WARNING  Not Found: /favicon.ico
2023-06-03 17:03:22,867 django.request WARNING  Not Found: /favicon.ico
2023-06-03 17:03:22,868 django.server WARNING  "GET /favicon.ico HTTP/1.1" 404 2616
2023-06-03 17:03:22,868 django.server WARNING  "GET /favicon.ico HTTP/1.1" 404 2616
2023-06-03 17:03:41,992 django.request ERROR    Internal Server Error: /search
Traceback (most recent call last):
  File "/media/shashwat/2E9AD3589AD31AE3/MiniProject/venv/lib/python3.10/site-packages/django/utils/datastructures.py", line 84, in __getitem__
    list_ = super().__getitem__(key)
KeyError: 'q'

During handling of the above exception, another exception occurred:

Traceback (most recent call last):
  File "/media/shashwat/2E9AD3589AD31AE3/MiniProject/venv/lib/python3.10/site-packages/django/core/handlers/exception.py", line 56, in inner
    response = get_response(request)
  File "/media/shashwat/2E9AD3589AD31AE3/MiniProject/venv/lib/python3.10/site-packages/django/core/handlers/base.py", line 197, in _get_response
    response = wrapped_callback(request, *callback_args, **callback_kwargs)
  File "/media/shashwat/2E9AD3589AD31AE3/MiniProject/FindYourStay/views.py", line 585, in search
    query = (request.GET['q']).split(', ')  # getting the user input from the request query
  File "/media/shashwat/2E9AD3589AD31AE3/MiniProject/venv/lib/python3.10/site-packages/django/utils/datastructures.py", line 86, in __getitem__
    raise MultiValueDictKeyError(key)
django.utils.datastructures.MultiValueDictKeyError: 'q'
2023-06-03 17:03:41,992 django.request ERROR    Internal Server Error: /search
Traceback (most recent call last):
  File "/media/shashwat/2E9AD3589AD31AE3/MiniProject/venv/lib/python3.10/site-packages/django/utils/datastructures.py", line 84, in __getitem__
    list_ = super().__getitem__(key)
KeyError: 'q'

During handling of the above exception, another exception occurred:

Traceback (most recent call last):
  File "/media/shashwat/2E9AD3589AD31AE3/MiniProject/venv/lib/python3.10/site-packages/django/core/handlers/exception.py", line 56, in inner
    response = get_response(request)
  File "/media/shashwat/2E9AD3589AD31AE3/MiniProject/venv/lib/python3.10/site-packages/django/core/handlers/base.py", line 197, in _get_response
    response = wrapped_callback(request, *callback_args, **callback_kwargs)
  File "/media/shashwat/2E9AD3589AD31AE3/MiniProject/FindYourStay/views.py", line 585, in search
    query = (request.GET['q']).split(', ')  # getting the user input from the request query
  File "/media/shashwat/2E9AD3589AD31AE3/MiniProject/venv/lib/python3.10/site-packages/django/utils/datastructures.py", line 86, in __getitem__
    raise MultiValueDictKeyError(key)
django.utils.datastructures.MultiValueDictKeyError: 'q'
2023-06-03 17:03:54,656 django.server INFO     "GET /search?q=Rajkot%2C+Gujarat HTTP/1.1" 200 18169
2023-06-03 17:03:54,656 django.server INFO     "GET /search?q=Rajkot%2C+Gujarat HTTP/1.1" 200 18169
2023-06-03 17:03:54,860 django.server INFO     "GET /static/image/freepikhouseinject1042.svg HTTP/1.1" 200 329227
2023-06-03 17:03:54,860 django.server INFO     "GET /static/image/freepikhouseinject1042.svg HTTP/1.1" 200 329227
2023-06-03 17:03:54,866 django.server INFO     "GET /static/image/bg-svg.svg HTTP/1.1" 200 95408
2023-06-03 17:03:54,866 django.server INFO     "GET /static/image/bg-svg.svg HTTP/1.1" 200 95408
2023-06-03 17:04:14,110 django.server INFO     "GET /search?q=Rajkot%2C+Gujarat&page=2 HTTP/1.1" 200 14006
2023-06-03 17:04:14,110 django.server INFO     "GET /search?q=Rajkot%2C+Gujarat&page=2 HTTP/1.1" 200 14006
2023-06-03 17:04:26,660 django.server INFO     "GET /search?q=Rajkot%2C+Gujarat&sort_by=1 HTTP/1.1" 200 18289
2023-06-03 17:04:26,660 django.server INFO     "GET /search?q=Rajkot%2C+Gujarat&sort_by=1 HTTP/1.1" 200 18289
2023-06-03 17:07:13,784 django.server INFO     "GET /search?q=Dehradun%2C+Uttarakhand HTTP/1.1" 200 18589
2023-06-03 17:07:13,784 django.server INFO     "GET /search?q=Dehradun%2C+Uttarakhand HTTP/1.1" 200 18589
2023-06-03 17:07:13,802 django.request ERROR    Internal Server Error: /search
Traceback (most recent call last):
  File "/media/shashwat/2E9AD3589AD31AE3/MiniProject/venv/lib/python3.10/site-packages/django/utils/datastructures.py", line 84, in __getitem__
    list_ = super().__getitem__(key)
KeyError: 'q'

During handling of the above exception, another exception occurred:

Traceback (most recent call last):
  File "/media/shashwat/2E9AD3589AD31AE3/MiniProject/venv/lib/python3.10/site-packages/django/core/handlers/exception.py", line 56, in inner
    response = get_response(request)
  File "/media/shashwat/2E9AD3589AD31AE3/MiniProject/venv/lib/python3.10/site-packages/django/core/handlers/base.py", line 197, in _get_response
    response = wrapped_callback(request, *callback_args, **callback_kwargs)
  File "/media/shashwat/2E9AD3589AD31AE3/MiniProject/FindYourStay/views.py", line 585, in search
    query = (request.GET['q']).split(', ')  # getting the user input from the request query
  File "/media/shashwat/2E9AD3589AD31AE3/MiniProject/venv/lib/python3.10/site-packages/django/utils/datastructures.py", line 86, in __getitem__
    raise MultiValueDictKeyError(key)
django.utils.datastructures.MultiValueDictKeyError: 'q'
2023-06-03 17:07:13,802 django.request ERROR    Internal Server Error: /search
Traceback (most recent call last):
  File "/media/shashwat/2E9AD3589AD31AE3/MiniProject/venv/lib/python3.10/site-packages/django/utils/datastructures.py", line 84, in __getitem__
    list_ = super().__getitem__(key)
KeyError: 'q'

During handling of the above exception, another exception occurred:

Traceback (most recent call last):
  File "/media/shashwat/2E9AD3589AD31AE3/MiniProject/venv/lib/python3.10/site-packages/django/core/handlers/exception.py", line 56, in inner
    response = get_response(request)
  File "/media/shashwat/2E9AD3589AD31AE3/MiniProject/venv/lib/python3.10/site-packages/django/core/handlers/base.py", line 197, in _get_response
    response = wrapped_callback(request, *callback_args, **callback_kwargs)
  File "/media/shashwat/2E9AD3589AD31AE3/MiniProject/FindYourStay/views.py", line 585, in search
    query = (request.GET['q']).split(', ')  # getting the user input from the request query
  File "/media/shashwat/2E9AD3589AD31AE3/MiniProject/venv/lib/python3.10/site-packages/django/utils/datastructures.py", line 86, in __getitem__
    raise MultiValueDictKeyError(key)
django.utils.datastructures.MultiValueDictKeyError: 'q'
2023-06-04 11:06:19,195 django.utils.autoreload INFO     Watching for file changes with StatReloader
2023-06-04 11:06:19,195 django.utils.autoreload INFO     Watching for file changes with StatReloader
2023-06-04 11:08:09,456 django.server INFO     "GET / HTTP/1.1" 200 11897
2023-06-04 11:08:09,456 django.server INFO     "GET / HTTP/1.1" 200 11897
2023-06-04 11:08:09,610 django.server INFO     "GET /static/image/freepikhouseinject104.svg HTTP/1.1" 200 329368
2023-06-04 11:08:09,610 django.server INFO     "GET /static/image/freepikhouseinject104.svg HTTP/1.1" 200 329368
2023-06-04 11:08:09,613 django.server INFO     "GET /static/image/rectangle-25%402x.png HTTP/1.1" 200 787086
2023-06-04 11:08:09,613 django.server INFO     "GET /static/image/rectangle-25%402x.png HTTP/1.1" 200 787086
2023-06-04 11:08:09,631 django.server INFO     "GET /static/image/hikingsvg.svg HTTP/1.1" 200 123546
2023-06-04 11:08:09,631 django.server INFO     "GET /static/image/hikingsvg.svg HTTP/1.1" 200 123546
2023-06-04 11:08:09,635 django.server INFO     "GET /static/image/rectangle-251%402x.png HTTP/1.1" 200 894255
2023-06-04 11:08:09,635 django.server INFO     "GET /static/image/rectangle-251%402x.png HTTP/1.1" 200 894255
2023-06-04 11:08:09,640 django.server INFO     "GET /static/image/rectangle-252%402x.png HTTP/1.1" 200 790221
2023-06-04 11:08:09,640 django.server INFO     "GET /static/image/rectangle-252%402x.png HTTP/1.1" 200 790221
2023-06-04 11:08:09,644 django.server INFO     "GET /static/image/freepikhouseinject1041.svg HTTP/1.1" 200 328758
2023-06-04 11:08:09,644 django.server INFO     "GET /static/image/freepikhouseinject1041.svg HTTP/1.1" 200 328758
2023-06-04 11:08:10,433 django.request WARNING  Not Found: /favicon.ico
2023-06-04 11:08:10,433 django.request WARNING  Not Found: /favicon.ico
2023-06-04 11:08:10,434 django.server WARNING  "GET /favicon.ico HTTP/1.1" 404 2616
2023-06-04 11:08:10,434 django.server WARNING  "GET /favicon.ico HTTP/1.1" 404 2616
2023-06-04 11:10:58,547 django.server INFO     "GET /search?q=Mumbai%2C+Maharashtra HTTP/1.1" 200 18205
2023-06-04 11:10:58,547 django.server INFO     "GET /search?q=Mumbai%2C+Maharashtra HTTP/1.1" 200 18205
2023-06-04 11:10:58,902 django.server INFO     "GET /static/image/freepikhouseinject1042.svg HTTP/1.1" 200 329227
2023-06-04 11:10:58,902 django.server INFO     "GET /static/image/freepikhouseinject1042.svg HTTP/1.1" 200 329227
2023-06-04 11:10:58,910 django.server INFO     "GET /static/image/bg-svg.svg HTTP/1.1" 200 95408
2023-06-04 11:10:58,910 django.server INFO     "GET /static/image/bg-svg.svg HTTP/1.1" 200 95408
2023-06-04 11:11:09,718 django.server INFO     "GET /search?q=Mumbai%2C+Maharashtra&page=1 HTTP/1.1" 200 18205
2023-06-04 11:11:09,718 django.server INFO     "GET /search?q=Mumbai%2C+Maharashtra&page=1 HTTP/1.1" 200 18205
2023-06-04 11:11:15,112 django.server INFO     "GET /search?q=Mumbai%2C+Maharashtra&page=1 HTTP/1.1" 200 18205
2023-06-04 11:11:15,112 django.server INFO     "GET /search?q=Mumbai%2C+Maharashtra&page=1 HTTP/1.1" 200 18205
2023-06-04 11:16:14,923 django.utils.autoreload INFO     /media/shashwat/2E9AD3589AD31AE3/MiniProject/FindYourStay/views.py changed, reloading.
2023-06-04 11:16:14,923 django.utils.autoreload INFO     /media/shashwat/2E9AD3589AD31AE3/MiniProject/FindYourStay/views.py changed, reloading.
2023-06-04 11:16:16,054 django.utils.autoreload INFO     Watching for file changes with StatReloader
2023-06-04 11:16:16,054 django.utils.autoreload INFO     Watching for file changes with StatReloader
2023-06-04 11:16:25,254 django.utils.autoreload INFO     /media/shashwat/2E9AD3589AD31AE3/MiniProject/FindYourStay/views.py changed, reloading.
2023-06-04 11:16:25,254 django.utils.autoreload INFO     /media/shashwat/2E9AD3589AD31AE3/MiniProject/FindYourStay/views.py changed, reloading.
2023-06-04 11:16:26,114 django.utils.autoreload INFO     Watching for file changes with StatReloader
2023-06-04 11:16:26,114 django.utils.autoreload INFO     Watching for file changes with StatReloader
2023-06-04 11:16:36,261 django.utils.autoreload INFO     /media/shashwat/2E9AD3589AD31AE3/MiniProject/FindYourStay/views.py changed, reloading.
2023-06-04 11:16:36,261 django.utils.autoreload INFO     /media/shashwat/2E9AD3589AD31AE3/MiniProject/FindYourStay/views.py changed, reloading.
2023-06-04 11:16:37,230 django.utils.autoreload INFO     Watching for file changes with StatReloader
2023-06-04 11:16:37,230 django.utils.autoreload INFO     Watching for file changes with StatReloader
2023-06-04 11:16:49,809 django.utils.autoreload INFO     /media/shashwat/2E9AD3589AD31AE3/MiniProject/FindYourStay/views.py changed, reloading.
2023-06-04 11:16:49,809 django.utils.autoreload INFO     /media/shashwat/2E9AD3589AD31AE3/MiniProject/FindYourStay/views.py changed, reloading.
2023-06-04 11:16:50,786 django.utils.autoreload INFO     Watching for file changes with StatReloader
2023-06-04 11:16:50,786 django.utils.autoreload INFO     Watching for file changes with StatReloader
2023-06-04 11:16:55,966 django.utils.autoreload INFO     /media/shashwat/2E9AD3589AD31AE3/MiniProject/FindYourStay/views.py changed, reloading.
2023-06-04 11:16:55,966 django.utils.autoreload INFO     /media/shashwat/2E9AD3589AD31AE3/MiniProject/FindYourStay/views.py changed, reloading.
2023-06-04 11:16:56,567 django.utils.autoreload INFO     Watching for file changes with StatReloader
2023-06-04 11:16:56,567 django.utils.autoreload INFO     Watching for file changes with StatReloader
2023-06-04 11:17:39,593 django.server INFO     "GET /search?q=Mumbai%2C+Maharashtra&page=1 HTTP/1.1" 200 18205
2023-06-04 11:17:39,593 django.server INFO     "GET /search?q=Mumbai%2C+Maharashtra&page=1 HTTP/1.1" 200 18205
2023-06-04 11:18:26,142 django.server INFO     "GET /search?q=Mumbai%2C+Maharashtra HTTP/1.1" 200 18205
2023-06-04 11:18:26,142 django.server INFO     "GET /search?q=Mumbai%2C+Maharashtra HTTP/1.1" 200 18205
2023-06-04 11:18:26,178 django.request ERROR    Internal Server Error: /search
Traceback (most recent call last):
  File "/media/shashwat/2E9AD3589AD31AE3/MiniProject/venv/lib/python3.10/site-packages/django/core/handlers/exception.py", line 56, in inner
    response = get_response(request)
  File "/media/shashwat/2E9AD3589AD31AE3/MiniProject/venv/lib/python3.10/site-packages/django/core/handlers/base.py", line 197, in _get_response
    response = wrapped_callback(request, *callback_args, **callback_kwargs)
  File "/media/shashwat/2E9AD3589AD31AE3/MiniProject/FindYourStay/views.py", line 389, in search
    query = (request.GET.get('q', '')).split(', ')                          # getting the user input from the request query
AttributeError: 'NoneType' object has no attribute 'split'
2023-06-04 11:18:26,178 django.request ERROR    Internal Server Error: /search
Traceback (most recent call last):
  File "/media/shashwat/2E9AD3589AD31AE3/MiniProject/venv/lib/python3.10/site-packages/django/core/handlers/exception.py", line 56, in inner
    response = get_response(request)
  File "/media/shashwat/2E9AD3589AD31AE3/MiniProject/venv/lib/python3.10/site-packages/django/core/handlers/base.py", line 197, in _get_response
    response = wrapped_callback(request, *callback_args, **callback_kwargs)
  File "/media/shashwat/2E9AD3589AD31AE3/MiniProject/FindYourStay/views.py", line 389, in search
    query = (request.GET.get('q', '')).split(', ')                          # getting the user input from the request query
AttributeError: 'NoneType' object has no attribute 'split'
2023-06-04 11:18:29,936 django.request ERROR    Internal Server Error: /search
Traceback (most recent call last):
  File "/media/shashwat/2E9AD3589AD31AE3/MiniProject/venv/lib/python3.10/site-packages/django/core/handlers/exception.py", line 56, in inner
    response = get_response(request)
  File "/media/shashwat/2E9AD3589AD31AE3/MiniProject/venv/lib/python3.10/site-packages/django/core/handlers/base.py", line 197, in _get_response
    response = wrapped_callback(request, *callback_args, **callback_kwargs)
  File "/media/shashwat/2E9AD3589AD31AE3/MiniProject/FindYourStay/views.py", line 389, in search
    query = (request.GET.get('q', '')).split(', ')                          # getting the user input from the request query
AttributeError: 'NoneType' object has no attribute 'split'
2023-06-04 11:18:29,936 django.request ERROR    Internal Server Error: /search
Traceback (most recent call last):
  File "/media/shashwat/2E9AD3589AD31AE3/MiniProject/venv/lib/python3.10/site-packages/django/core/handlers/exception.py", line 56, in inner
    response = get_response(request)
  File "/media/shashwat/2E9AD3589AD31AE3/MiniProject/venv/lib/python3.10/site-packages/django/core/handlers/base.py", line 197, in _get_response
    response = wrapped_callback(request, *callback_args, **callback_kwargs)
  File "/media/shashwat/2E9AD3589AD31AE3/MiniProject/FindYourStay/views.py", line 389, in search
    query = (request.GET.get('q', '')).split(', ')                          # getting the user input from the request query
AttributeError: 'NoneType' object has no attribute 'split'
2023-06-04 11:18:39,425 django.server INFO     "GET /search?q=Dehradun%2C+Uttarakhand HTTP/1.1" 200 18536
2023-06-04 11:18:39,425 django.server INFO     "GET /search?q=Dehradun%2C+Uttarakhand HTTP/1.1" 200 18536
2023-06-04 11:19:59,844 django.request ERROR    Internal Server Error: /search
Traceback (most recent call last):
  File "/media/shashwat/2E9AD3589AD31AE3/MiniProject/venv/lib/python3.10/site-packages/django/core/handlers/exception.py", line 56, in inner
    response = get_response(request)
  File "/media/shashwat/2E9AD3589AD31AE3/MiniProject/venv/lib/python3.10/site-packages/django/core/handlers/base.py", line 197, in _get_response
    response = wrapped_callback(request, *callback_args, **callback_kwargs)
  File "/media/shashwat/2E9AD3589AD31AE3/MiniProject/FindYourStay/views.py", line 389, in search
    query = (request.GET.get('q', '')).split(', ')                          # getting the user input from the request query
AttributeError: 'NoneType' object has no attribute 'split'
2023-06-04 11:19:59,844 django.request ERROR    Internal Server Error: /search
Traceback (most recent call last):
  File "/media/shashwat/2E9AD3589AD31AE3/MiniProject/venv/lib/python3.10/site-packages/django/core/handlers/exception.py", line 56, in inner
    response = get_response(request)
  File "/media/shashwat/2E9AD3589AD31AE3/MiniProject/venv/lib/python3.10/site-packages/django/core/handlers/base.py", line 197, in _get_response
    response = wrapped_callback(request, *callback_args, **callback_kwargs)
  File "/media/shashwat/2E9AD3589AD31AE3/MiniProject/FindYourStay/views.py", line 389, in search
    query = (request.GET.get('q', '')).split(', ')                          # getting the user input from the request query
AttributeError: 'NoneType' object has no attribute 'split'
2023-06-04 11:20:14,103 django.request ERROR    Internal Server Error: /search
Traceback (most recent call last):
  File "/media/shashwat/2E9AD3589AD31AE3/MiniProject/venv/lib/python3.10/site-packages/django/core/handlers/exception.py", line 56, in inner
    response = get_response(request)
  File "/media/shashwat/2E9AD3589AD31AE3/MiniProject/venv/lib/python3.10/site-packages/django/core/handlers/base.py", line 197, in _get_response
    response = wrapped_callback(request, *callback_args, **callback_kwargs)
  File "/media/shashwat/2E9AD3589AD31AE3/MiniProject/FindYourStay/views.py", line 404, in search
    scrapper(query[0], query[1])
  File "/media/shashwat/2E9AD3589AD31AE3/MiniProject/FindYourStay/views.py", line 349, in scrapper
    yatra_scrapper(city)
  File "/media/shashwat/2E9AD3589AD31AE3/MiniProject/FindYourStay/views.py", line 314, in yatra_scrapper
    yatra_ratings = yatra_selenium_scrapper(url)
  File "/media/shashwat/2E9AD3589AD31AE3/MiniProject/FindYourStay/views.py", line 234, in yatra_selenium_scrapper
    spans = a_tag.find_elements(By.CSS_SELECTOR, 'span')
  File "/media/shashwat/2E9AD3589AD31AE3/MiniProject/venv/lib/python3.10/site-packages/selenium/webdriver/remote/webelement.py", line 448, in find_elements
    return self._execute(Command.FIND_CHILD_ELEMENTS, {"using": by, "value": value})["value"]
  File "/media/shashwat/2E9AD3589AD31AE3/MiniProject/venv/lib/python3.10/site-packages/selenium/webdriver/remote/webelement.py", line 404, in _execute
    return self._parent.execute(command, params)
  File "/media/shashwat/2E9AD3589AD31AE3/MiniProject/venv/lib/python3.10/site-packages/selenium/webdriver/remote/webdriver.py", line 440, in execute
    self.error_handler.check_response(response)
  File "/media/shashwat/2E9AD3589AD31AE3/MiniProject/venv/lib/python3.10/site-packages/selenium/webdriver/remote/errorhandler.py", line 245, in check_response
    raise exception_class(message, screen, stacktrace)
selenium.common.exceptions.StaleElementReferenceException: Message: stale element reference: stale element not found
  (Session info: chrome=114.0.5735.90)
Stacktrace:
#0 0x56123564b4e3 <unknown>
#1 0x56123537ac76 <unknown>
#2 0x56123537f53c <unknown>
#3 0x56123538097e <unknown>
#4 0x561235380a4c <unknown>
#5 0x5612353b686a <unknown>
#6 0x5612353b6dc1 <unknown>
#7 0x5612353acf93 <unknown>
#8 0x5612353d603d <unknown>
#9 0x5612353acb03 <unknown>
#10 0x5612353d61de <unknown>
#11 0x5612353ee30e <unknown>
#12 0x5612353d5de3 <unknown>
#13 0x5612353ab2dd <unknown>
#14 0x5612353ac34e <unknown>
#15 0x56123560b3e4 <unknown>
#16 0x56123560f3d7 <unknown>
#17 0x561235619b20 <unknown>
#18 0x561235610023 <unknown>
#19 0x5612355de1aa <unknown>
#20 0x5612356346b8 <unknown>
#21 0x561235634847 <unknown>
#22 0x561235644243 <unknown>
#23 0x7f952b694b43 <unknown>

2023-06-04 11:20:14,103 django.request ERROR    Internal Server Error: /search
Traceback (most recent call last):
  File "/media/shashwat/2E9AD3589AD31AE3/MiniProject/venv/lib/python3.10/site-packages/django/core/handlers/exception.py", line 56, in inner
    response = get_response(request)
  File "/media/shashwat/2E9AD3589AD31AE3/MiniProject/venv/lib/python3.10/site-packages/django/core/handlers/base.py", line 197, in _get_response
    response = wrapped_callback(request, *callback_args, **callback_kwargs)
  File "/media/shashwat/2E9AD3589AD31AE3/MiniProject/FindYourStay/views.py", line 404, in search
    scrapper(query[0], query[1])
  File "/media/shashwat/2E9AD3589AD31AE3/MiniProject/FindYourStay/views.py", line 349, in scrapper
    yatra_scrapper(city)
  File "/media/shashwat/2E9AD3589AD31AE3/MiniProject/FindYourStay/views.py", line 314, in yatra_scrapper
    yatra_ratings = yatra_selenium_scrapper(url)
  File "/media/shashwat/2E9AD3589AD31AE3/MiniProject/FindYourStay/views.py", line 234, in yatra_selenium_scrapper
    spans = a_tag.find_elements(By.CSS_SELECTOR, 'span')
  File "/media/shashwat/2E9AD3589AD31AE3/MiniProject/venv/lib/python3.10/site-packages/selenium/webdriver/remote/webelement.py", line 448, in find_elements
    return self._execute(Command.FIND_CHILD_ELEMENTS, {"using": by, "value": value})["value"]
  File "/media/shashwat/2E9AD3589AD31AE3/MiniProject/venv/lib/python3.10/site-packages/selenium/webdriver/remote/webelement.py", line 404, in _execute
    return self._parent.execute(command, params)
  File "/media/shashwat/2E9AD3589AD31AE3/MiniProject/venv/lib/python3.10/site-packages/selenium/webdriver/remote/webdriver.py", line 440, in execute
    self.error_handler.check_response(response)
  File "/media/shashwat/2E9AD3589AD31AE3/MiniProject/venv/lib/python3.10/site-packages/selenium/webdriver/remote/errorhandler.py", line 245, in check_response
    raise exception_class(message, screen, stacktrace)
selenium.common.exceptions.StaleElementReferenceException: Message: stale element reference: stale element not found
  (Session info: chrome=114.0.5735.90)
Stacktrace:
#0 0x56123564b4e3 <unknown>
#1 0x56123537ac76 <unknown>
#2 0x56123537f53c <unknown>
#3 0x56123538097e <unknown>
#4 0x561235380a4c <unknown>
#5 0x5612353b686a <unknown>
#6 0x5612353b6dc1 <unknown>
#7 0x5612353acf93 <unknown>
#8 0x5612353d603d <unknown>
#9 0x5612353acb03 <unknown>
#10 0x5612353d61de <unknown>
#11 0x5612353ee30e <unknown>
#12 0x5612353d5de3 <unknown>
#13 0x5612353ab2dd <unknown>
#14 0x5612353ac34e <unknown>
#15 0x56123560b3e4 <unknown>
#16 0x56123560f3d7 <unknown>
#17 0x561235619b20 <unknown>
#18 0x561235610023 <unknown>
#19 0x5612355de1aa <unknown>
#20 0x5612356346b8 <unknown>
#21 0x561235634847 <unknown>
#22 0x561235644243 <unknown>
#23 0x7f952b694b43 <unknown>

2023-06-04 11:20:14,106 django.server ERROR    "GET /search?q=Indore%2C+Madhya+Pradesh HTTP/1.1" 500 133423
2023-06-04 11:20:14,106 django.server ERROR    "GET /search?q=Indore%2C+Madhya+Pradesh HTTP/1.1" 500 133423
2023-06-04 11:20:35,763 django.server INFO     "GET /search?q=Indore%2C+Madhya+Pradesh HTTP/1.1" 200 18541
2023-06-04 11:20:35,763 django.server INFO     "GET /search?q=Indore%2C+Madhya+Pradesh HTTP/1.1" 200 18541
